# JRE version: Java(TM) SE Runtime Environment (8.0_102-b14) (build 1.8.0_102-b14)
# Java VM: Java HotSpot(TM) 64-Bit Server VM (25.102-b14 mixed mode windows-amd64 compressed oops)
Heap:
 PSYoungGen      total 133632K, used 60531K [0x00000000eab00000, 0x00000000f7100000, 0x0000000100000000)
  eden space 117760K, 37% used [0x00000000eab00000,0x00000000ed6a14a8,0x00000000f1e00000)
  from space 15872K, 99% used [0x00000000f1e00000,0x00000000f2d7b9b8,0x00000000f2d80000)
  to   space 20992K, 0% used [0x00000000f5c80000,0x00000000f5c80000,0x00000000f7100000)
 ParOldGen       total 87552K, used 28998K [0x00000000c0000000, 0x00000000c5580000, 0x00000000eab00000)
  object space 87552K, 33% used [0x00000000c0000000,0x00000000c1c51a80,0x00000000c5580000)
 Metaspace       used 47121K, capacity 48162K, committed 48384K, reserved 1091584K
  class space    used 6443K, capacity 6795K, committed 6912K, reserved 1048576K
GC Heap History (10 events):
Event: 31.331 GC heap before
{Heap before GC invocations=11 (full 1):
 PSYoungGen      total 74752K, used 15715K [0x00000000eab00000, 0x00000000f1780000, 0x0000000100000000)
  eden space 64000K, 7% used [0x00000000eab00000,0x00000000eafe01c0,0x00000000ee980000)
  from space 10752K, 99% used [0x00000000ee980000,0x00000000ef3f8a88,0x00000000ef400000)
  to   space 12800K, 0% used [0x00000000f0b00000,0x00000000f0b00000,0x00000000f1780000)
 ParOldGen       total 65536K, used 11823K [0x00000000c0000000, 0x00000000c4000000, 0x00000000eab00000)
  object space 65536K, 18% used [0x00000000c0000000,0x00000000c0b8be20,0x00000000c4000000)
 Metaspace       used 34658K, capacity 35266K, committed 35456K, reserved 1079296K
  class space    used 4707K, capacity 4926K, committed 4992K, reserved 1048576K
Event: 31.358 GC heap after
Heap after GC invocations=11 (full 1):
 PSYoungGen      total 97280K, used 11377K [0x00000000eab00000, 0x00000000f2100000, 0x0000000100000000)
  eden space 84480K, 0% used [0x00000000eab00000,0x00000000eab00000,0x00000000efd80000)
  from space 12800K, 88% used [0x00000000f0b00000,0x00000000f161c438,0x00000000f1780000)
  to   space 13824K, 0% used [0x00000000efd80000,0x00000000efd80000,0x00000000f0b00000)
 ParOldGen       total 65536K, used 11831K [0x00000000c0000000, 0x00000000c4000000, 0x00000000eab00000)
  object space 65536K, 18% used [0x00000000c0000000,0x00000000c0b8de20,0x00000000c4000000)
 Metaspace       used 34658K, capacity 35266K, committed 35456K, reserved 1079296K
  class space    used 4707K, capacity 4926K, committed 4992K, reserved 1048576K
}
Event: 31.358 GC heap before
{Heap before GC invocations=12 (full 2):
 PSYoungGen      total 97280K, used 11377K [0x00000000eab00000, 0x00000000f2100000, 0x0000000100000000)
  eden space 84480K, 0% used [0x00000000eab00000,0x00000000eab00000,0x00000000efd80000)
  from space 12800K, 88% used [0x00000000f0b00000,0x00000000f161c438,0x00000000f1780000)
  to   space 13824K, 0% used [0x00000000efd80000,0x00000000efd80000,0x00000000f0b00000)
 ParOldGen       total 65536K, used 11831K [0x00000000c0000000, 0x00000000c4000000, 0x00000000eab00000)
  object space 65536K, 18% used [0x00000000c0000000,0x00000000c0b8de20,0x00000000c4000000)
 Metaspace       used 34658K, capacity 35266K, committed 35456K, reserved 1079296K
  class space    used 4707K, capacity 4926K, committed 4992K, reserved 1048576K
Event: 31.639 GC heap after
Heap after GC invocations=12 (full 2):
 PSYoungGen      total 97280K, used 0K [0x00000000eab00000, 0x00000000f2100000, 0x0000000100000000)
  eden space 84480K, 0% used [0x00000000eab00000,0x00000000eab00000,0x00000000efd80000)
  from space 12800K, 0% used [0x00000000f0b00000,0x00000000f0b00000,0x00000000f1780000)
  to   space 13824K, 0% used [0x00000000efd80000,0x00000000efd80000,0x00000000f0b00000)
 ParOldGen       total 87552K, used 19131K [0x00000000c0000000, 0x00000000c5580000, 0x00000000eab00000)
  object space 87552K, 21% used [0x00000000c0000000,0x00000000c12aed70,0x00000000c5580000)
 Metaspace       used 34658K, capacity 35266K, committed 35456K, reserved 1079296K
  class space    used 4707K, capacity 4926K, committed 4992K, reserved 1048576K
}
Event: 36.272 GC heap before
{Heap before GC invocations=13 (full 2):
 PSYoungGen      total 97280K, used 84480K [0x00000000eab00000, 0x00000000f2100000, 0x0000000100000000)
  eden space 84480K, 100% used [0x00000000eab00000,0x00000000efd80000,0x00000000efd80000)
  from space 12800K, 0% used [0x00000000f0b00000,0x00000000f0b00000,0x00000000f1780000)
  to   space 13824K, 0% used [0x00000000efd80000,0x00000000efd80000,0x00000000f0b00000)
 ParOldGen       total 87552K, used 19131K [0x00000000c0000000, 0x00000000c5580000, 0x00000000eab00000)
  object space 87552K, 21% used [0x00000000c0000000,0x00000000c12aed70,0x00000000c5580000)
 Metaspace       used 39544K, capacity 40288K, committed 40448K, reserved 1083392K
  class space    used 5386K, capacity 5607K, committed 5632K, reserved 1048576K
Event: 36.291 GC heap after
Heap after GC invocations=13 (full 2):
 PSYoungGen      total 98304K, used 7861K [0x00000000eab00000, 0x00000000f3a80000, 0x0000000100000000)
  eden space 84480K, 0% used [0x00000000eab00000,0x00000000eab00000,0x00000000efd80000)
  from space 13824K, 56% used [0x00000000efd80000,0x00000000f052d550,0x00000000f0b00000)
  to   space 13312K, 0% used [0x00000000f2d80000,0x00000000f2d80000,0x00000000f3a80000)
 ParOldGen       total 87552K, used 19139K [0x00000000c0000000, 0x00000000c5580000, 0x00000000eab00000)
  object space 87552K, 21% used [0x00000000c0000000,0x00000000c12b0d70,0x00000000c5580000)
 Metaspace       used 39544K, capacity 40288K, committed 40448K, reserved 1083392K
  class space    used 5386K, capacity 5607K, committed 5632K, reserved 1048576K
}
Event: 39.922 GC heap before
{Heap before GC invocations=14 (full 2):
 PSYoungGen      total 98304K, used 92341K [0x00000000eab00000, 0x00000000f3a80000, 0x0000000100000000)
  eden space 84480K, 100% used [0x00000000eab00000,0x00000000efd80000,0x00000000efd80000)
  from space 13824K, 56% used [0x00000000efd80000,0x00000000f052d550,0x00000000f0b00000)
  to   space 13312K, 0% used [0x00000000f2d80000,0x00000000f2d80000,0x00000000f3a80000)
 ParOldGen       total 87552K, used 19139K [0x00000000c0000000, 0x00000000c5580000, 0x00000000eab00000)
  object space 87552K, 21% used [0x00000000c0000000,0x00000000c12b0d70,0x00000000c5580000)
 Metaspace       used 43104K, capacity 43940K, committed 44160K, reserved 1087488K
  class space    used 5972K, capacity 6195K, committed 6272K, reserved 1048576K
Event: 39.955 GC heap after
Heap after GC invocations=14 (full 2):
 PSYoungGen      total 131072K, used 13285K [0x00000000eab00000, 0x00000000f3d80000, 0x0000000100000000)
  eden space 117760K, 0% used [0x00000000eab00000,0x00000000eab00000,0x00000000f1e00000)
  from space 13312K, 99% used [0x00000000f2d80000,0x00000000f3a796c8,0x00000000f3a80000)
  to   space 15872K, 0% used [0x00000000f1e00000,0x00000000f1e00000,0x00000000f2d80000)
 ParOldGen       total 87552K, used 20950K [0x00000000c0000000, 0x00000000c5580000, 0x00000000eab00000)
  object space 87552K, 23% used [0x00000000c0000000,0x00000000c14758f0,0x00000000c5580000)
 Metaspace       used 43104K, capacity 43940K, committed 44160K, reserved 1087488K
  class space    used 5972K, capacity 6195K, committed 6272K, reserved 1048576K
}
Event: 54.806 GC heap before
{Heap before GC invocations=15 (full 2):
 PSYoungGen      total 131072K, used 131045K [0x00000000eab00000, 0x00000000f3d80000, 0x0000000100000000)
  eden space 117760K, 100% used [0x00000000eab00000,0x00000000f1e00000,0x00000000f1e00000)
  from space 13312K, 99% used [0x00000000f2d80000,0x00000000f3a796c8,0x00000000f3a80000)
  to   space 15872K, 0% used [0x00000000f1e00000,0x00000000f1e00000,0x00000000f2d80000)
 ParOldGen       total 87552K, used 20950K [0x00000000c0000000, 0x00000000c5580000, 0x00000000eab00000)
  object space 87552K, 23% used [0x00000000c0000000,0x00000000c14758f0,0x00000000c5580000)
 Metaspace       used 46918K, capacity 47970K, committed 48128K, reserved 1091584K
  class space    used 6431K, capacity 6795K, committed 6912K, reserved 1048576K
Event: 54.851 GC heap after
Heap after GC invocations=15 (full 2):
 PSYoungGen      total 133632K, used 15854K [0x00000000eab00000, 0x00000000f7100000, 0x0000000100000000)
  eden space 117760K, 0% used [0x00000000eab00000,0x00000000eab00000,0x00000000f1e00000)
  from space 15872K, 99% used [0x00000000f1e00000,0x00000000f2d7b9b8,0x00000000f2d80000)
  to   space 20992K, 0% used [0x00000000f5c80000,0x00000000f5c80000,0x00000000f7100000)
 ParOldGen       total 87552K, used 28998K [0x00000000c0000000, 0x00000000c5580000, 0x00000000eab00000)
  object space 87552K, 33% used [0x00000000c0000000,0x00000000c1c51a80,0x00000000c5580000)
 Metaspace       used 46918K, capacity 47970K, committed 48128K, reserved 1091584K
  class space    used 6431K, capacity 6795K, committed 6912K, reserved 1048576K
}

